#
# A fatal error has been detected by the Java Runtime Environment:
#
#  EXCEPTION_ACCESS_VIOLATION (0xc0000005) at pc=0x00007fffd470c639, pid=236, tid=6500
#
# JRE version: OpenJDK Runtime Environment (17.0.6) (build 17.0.6+0-b2043.56-10027231)
# Java VM: OpenJDK 64-Bit Server VM (17.0.6+0-b2043.56-10027231, mixed mode, tiered, compressed oops, compressed class ptrs, g1 gc, windows-amd64)
# Problematic frame:
# V  [jvm.dll+0x30c639]
#
# No core dump will be written. Minidumps are not enabled by default on client versions of Windows
#
# If you would like to submit a bug report, please visit:
#   https://bugreport.java.com/bugreport/crash.jsp
#

---------------  S U M M A R Y ------------

Command Line: --add-opens=java.base/java.util=ALL-UNNAMED --add-opens=java.base/java.lang=ALL-UNNAMED --add-opens=java.base/java.lang.invoke=ALL-UNNAMED --add-opens=java.prefs/java.util.prefs=ALL-UNNAMED --add-opens=java.base/java.nio.charset=ALL-UNNAMED --add-opens=java.base/java.net=ALL-UNNAMED --add-opens=java.base/java.util.concurrent.atomic=ALL-UNNAMED -Xmx2048m -Dfile.encoding=UTF-8 -Duser.country=US -Duser.language=en -Duser.variant org.gradle.launcher.daemon.bootstrap.GradleDaemon 8.0

Host: Intel(R) Core(TM) i5-2430M CPU @ 2.40GHz, 4 cores, 11G,  Windows 10 , 64 bit Build 19041 (10.0.19041.3636)
Time: Thu Dec  7 10:50:41 2023 SE Asia Standard Time elapsed time: 5.481115 seconds (0d 0h 0m 5s)

---------------  T H R E A D  ---------------

Current thread (0x00000166fcd68ff0):  GCTaskThread "GC Thread#0" [stack: 0x0000005b1a800000,0x0000005b1a900000] [id=6500]

Stack: [0x0000005b1a800000,0x0000005b1a900000],  sp=0x0000005b1a8ff6d0,  free space=1021k
Native frames: (J=compiled Java code, j=interpreted, Vv=VM code, C=native code)
V  [jvm.dll+0x30c639]
V  [jvm.dll+0x30942e]
V  [jvm.dll+0x317a23]
V  [jvm.dll+0x3199ce]
V  [jvm.dll+0x31806d]
V  [jvm.dll+0x31958a]
V  [jvm.dll+0x2e3263]
V  [jvm.dll+0x2e4c8b]
V  [jvm.dll+0x86fb6b]
V  [jvm.dll+0x86fbb6]
V  [jvm.dll+0x7f274a]
V  [jvm.dll+0x682ad5]
C  [ucrtbase.dll+0x21bb2]
C  [KERNEL32.DLL+0x17344]
C  [ntdll.dll+0x526b1]


siginfo: EXCEPTION_ACCESS_VIOLATION (0xc0000005), reading address 0x0000000000008000


Register to memory mapping:

RIP=0x00007fffd470c639 jvm.dll
RAX=0x0 is NULL
RBX=0x00000000828d3c29 is pointing into object: java.lang.Class 
{0x00000000828d3bc0} - klass: 'java/lang/Class'
 - ---- fields (total size 14 words):
 - private volatile transient 'classRedefinedCount' 'I' @12  0
 - private volatile transient 'cachedConstructor' 'Ljava/lang/reflect/Constructor;' @40  NULL (0)
 - private transient 'name' 'Ljava/lang/String;' @44  "org.gradle.api.artifacts.result.ResolvedComponentResult"{0x00000000828d3c30} (828d3c30)
 - private transient 'module' 'Ljava/lang/Module;' @48  a 'java/lang/Module'{0x000000008015b458} (8015b458)
 - private final 'classLoader' 'Ljava/lang/ClassLoader;' @52  a 'org/gradle/internal/classloader/VisitableURLClassLoader'{0x000000008015b490} (8015b490)
 - private transient 'classData' 'Ljava/lang/Object;' @56  NULL (0)
 - private transient 'packageName' 'Ljava/lang/String;' @60  "org.gradle.api.artifacts.result"{0x00000000828d3528} (828d3528)
 - private final 'componentType' 'Ljava/lang/Class;' @64  [I{0x00000000828d3c90} (828d3c90)
 - private volatile transient 'reflectionData' 'Ljava/lang/ref/SoftReference;' @68  NULL (0)
 - private volatile transient 'genericInfo' 'Lsun/reflect/generics/repository/ClassRepository;' @72  NULL (0)
 - private volatile transient 'enumConstants' '[Ljava/lang/Object;' @76  NULL (0)
 - private volatile transient 'enumConstantDirectory' 'Ljava/util/Map;' @80  NULL (0)
 - private volatile transient 'annotationData' 'Ljava/lang/Class$AnnotationData;' @84  NULL (0)
 - private volatile transient 'annotationType' 'Lsun/reflect/annotation/AnnotationType;' @88  NULL (0)
 - transient 'classValueMap' 'Ljava/lang/ClassValue$ClassValueMap;' @92  NULL (0)
 - signature: Lorg/gradle/api/artifacts/result/ResolvedComponentResult;
 - fake entry for mirror: 'org/gradle/api/artifacts/result/ResolvedComponentResult'
 - fake entry for array: NULL
 - fake entry for oop_size: 14
 - fake entry for static_oop_field_count: 0
RCX=0x0000000000000014 is an unknown value
RDX=0x0 is NULL
RSP=0x0000005b1a8ff6d0 points into unknown readable memory: 0x0000000081aa0000 | 00 00 aa 81 00 00 00 00
RBP=0x0000000000000182 is an unknown value
RSI=0x00000000828d3c28 is pointing into object: java.lang.Class 
{0x00000000828d3bc0} - klass: 'java/lang/Class'
 - ---- fields (total size 14 words):
 - private volatile transient 'classRedefinedCount' 'I' @12  0
 - private volatile transient 'cachedConstructor' 'Ljava/lang/reflect/Constructor;' @40  NULL (0)
 - private transient 'name' 'Ljava/lang/String;' @44  "org.gradle.api.artifacts.result.ResolvedComponentResult"{0x00000000828d3c30} (828d3c30)
 - private transient 'module' 'Ljava/lang/Module;' @48  a 'java/lang/Module'{0x000000008015b458} (8015b458)
 - private final 'classLoader' 'Ljava/lang/ClassLoader;' @52  a 'org/gradle/internal/classloader/VisitableURLClassLoader'{0x000000008015b490} (8015b490)
 - private transient 'classData' 'Ljava/lang/Object;' @56  NULL (0)
 - private transient 'packageName' 'Ljava/lang/String;' @60  "org.gradle.api.artifacts.result"{0x00000000828d3528} (828d3528)
 - private final 'componentType' 'Ljava/lang/Class;' @64  [I{0x00000000828d3c90} (828d3c90)
 - private volatile transient 'reflectionData' 'Ljava/lang/ref/SoftReference;' @68  NULL (0)
 - private volatile transient 'genericInfo' 'Lsun/reflect/generics/repository/ClassRepository;' @72  NULL (0)
 - private volatile transient 'enumConstants' '[Ljava/lang/Object;' @76  NULL (0)
 - private volatile transient 'enumConstantDirectory' 'Ljava/util/Map;' @80  NULL (0)
 - private volatile transient 'annotationData' 'Ljava/lang/Class$AnnotationData;' @84  NULL (0)
 - private volatile transient 'annotationType' 'Lsun/reflect/annotation/AnnotationType;' @88  NULL (0)
 - transient 'classValueMap' 'Ljava/lang/ClassValue$ClassValueMap;' @92  NULL (0)
 - signature: Lorg/gradle/api/artifacts/result/ResolvedComponentResult;
 - fake entry for mirror: 'org/gradle/api/artifacts/result/ResolvedComponentResult'
 - fake entry for array: NULL
 - fake entry for oop_size: 14
 - fake entry for static_oop_field_count: 0
RDI=0x000001669add7e30 points into unknown readable memory: 0x00007fffd4d67708 | 08 77 d6 d4 ff 7f 00 00
R8 =0x00000000828d3c90 is an oop: [I 
{0x00000000828d3c90} - klass: {type array int}
 - length: 0
R9 =0x00000000828d3c90 is an oop: [I 
{0x00000000828d3c90} - klass: {type array int}
 - length: 0
R10=0x0000000000008000 is an unknown value
R11=0x00007ff8027a15c3 VCRUNTIME140.dll
R12=0x0000005b1a8ff950 points into unknown readable memory: 0x00007fffd4d687c0 | c0 87 d6 d4 ff 7f 00 00
R13=0x00000166fcd248e0 points into unknown readable memory: 0x0000000000000800 | 00 08 00 00 00 00 00 00
R14=0x0000000000000040 is an unknown value
R15=0x0 is NULL


Registers:
RAX=0x0000000000000000, RBX=0x00000000828d3c29, RCX=0x0000000000000014, RDX=0x0000000000000000
RSP=0x0000005b1a8ff6d0, RBP=0x0000000000000182, RSI=0x00000000828d3c28, RDI=0x000001669add7e30
R8 =0x00000000828d3c90, R9 =0x00000000828d3c90, R10=0x0000000000008000, R11=0x00007ff8027a15c3
R12=0x0000005b1a8ff950, R13=0x00000166fcd248e0, R14=0x0000000000000040, R15=0x0000000000000000
RIP=0x00007fffd470c639, EFLAGS=0x0000000000010246

Top of Stack: (sp=0x0000005b1a8ff6d0)
0x0000005b1a8ff6d0:   0000000081aa0000 0000000000000001
0x0000005b1a8ff6e0:   0000000000000008 0000000000000001
0x0000005b1a8ff6f0:   00000166fd1e7500 0000000000000002
0x0000005b1a8ff700:   0000000000000080 0000005b1a8ff950
0x0000005b1a8ff710:   0000000080ea3200 00007fffd470942e
0x0000005b1a8ff720:   0000000000000000 000001669add7e30
0x0000005b1a8ff730:   00000166fd1e7500 0000000000000002
0x0000005b1a8ff740:   000000000342ec54 000000030b685e43
0x0000005b1a8ff750:   0000005b1a8ff950 0000000080ea3200
0x0000005b1a8ff760:   0000000080ea3600 00007fffd4717a23
0x0000005b1a8ff770:   0000000080ea3200 0000005b1a8ff790
0x0000005b1a8ff780:   0000005b1a8ff7a0 00000166fcd69550
0x0000005b1a8ff790:   0000000080ea3200 0000000000000080
0x0000005b1a8ff7a0:   00007fffd4d685d8 0000000000000000
0x0000005b1a8ff7b0:   00000166fcd1de00 000001669add7e30
0x0000005b1a8ff7c0:   00000166fd1e7520 00007fffd47199ce 

Instructions: (pc=0x00007fffd470c639)
0x00007fffd470c539:   ff 48 8d 53 fe 48 8b cf e8 6a f4 ff ff e9 35 fd
0x00007fffd470c549:   ff ff 0f 1f 44 00 00 48 8b 77 10 8b ae 80 00 00
0x00007fffd470c559:   00 8b cd 8b 86 00 01 00 00 2b c8 81 e1 ff ff 01
0x00007fffd470c569:   00 41 3b ce 0f 86 e9 02 00 00 ff cd 81 e5 ff ff
0x00007fffd470c579:   01 00 89 ae 80 00 00 00 e8 5a 84 36 00 90 8b d5
0x00007fffd470c589:   8b 86 00 01 00 00 8b cd 48 8b 9e 80 01 00 00 2b
0x00007fffd470c599:   c8 81 e1 ff ff 01 00 81 f9 ff ff 01 00 48 8b 1c
0x00007fffd470c5a9:   eb 41 0f 44 cf 85 c9 75 3d 90 89 6c 24 50 48 8b
0x00007fffd470c5b9:   86 00 01 00 00 48 8b c8 48 c1 e9 20 ff c1 89 4c
0x00007fffd470c5c9:   24 54 3b e8 0f 85 77 02 00 00 48 c1 e1 20 48 0b
0x00007fffd470c5d9:   ca f0 48 0f b1 8e 00 01 00 00 0f 85 61 02 00 00
0x00007fffd470c5e9:   8b 86 00 01 00 00 f6 c3 01 0f 84 2f 01 00 00 8b
0x00007fffd470c5f9:   0d ea 7c 81 00 48 8d 73 ff 48 8b 47 08 44 8b 16
0x00007fffd470c609:   49 d3 e2 4c 03 15 cd 7c 81 00 8b 88 90 05 00 00
0x00007fffd470c619:   49 8b d2 48 8b 80 80 05 00 00 48 d3 ea 0f b7 14
0x00007fffd470c629:   50 0f b7 c2 66 c1 e8 08 84 c0 0f 88 17 ff ff ff
0x00007fffd470c639:   4d 8b 02 41 0f b6 c0 24 03 3c 03 75 1e 44 38 3d
0x00007fffd470c649:   83 42 88 00 74 0f 41 0f b6 c0 24 07 3c 05 75 05
0x00007fffd470c659:   4d 8b c7 eb 17 49 83 e0 fc eb 11 4d 8b c8 48 8b
0x00007fffd470c669:   cf 4d 8b c2 e8 2e ef ff ff 4c 8b c0 8b 0d 6d 7c
0x00007fffd470c679:   81 00 49 8b d0 48 2b 15 5b 7c 81 00 48 d3 ea 89
0x00007fffd470c689:   16 49 8b d0 8b 0d bd 4a 88 00 48 33 d6 48 d3 ea
0x00007fffd470c699:   48 85 d2 0f 84 ae fe ff ff 48 8b 47 08 48 8b d6
0x00007fffd470c6a9:   8b 88 c0 01 00 00 48 8b 80 b0 01 00 00 48 d3 ea
0x00007fffd470c6b9:   48 8b 0c d0 8b 81 98 00 00 00 d1 e8 a8 01 0f 85
0x00007fffd470c6c9:   83 fe ff ff 48 8b 47 08 8b 88 90 05 00 00 48 8b
0x00007fffd470c6d9:   80 80 05 00 00 49 d3 e8 46 38 3c 40 0f 84 65 fe
0x00007fffd470c6e9:   ff ff 48 8b 47 60 48 c1 ee 09 48 8b 58 40 48 8b
0x00007fffd470c6f9:   48 38 48 03 de 48 2b d9 48 39 9f b0 01 00 00 0f
0x00007fffd470c709:   84 42 fe ff ff 48 8d 14 0b 48 8d 4f 18 e8 a5 40
0x00007fffd470c719:   00 00 48 89 9f b0 01 00 00 e9 29 fe ff ff f6 c3
0x00007fffd470c729:   03 0f 85 09 01 00 00 48 8b 47 08 4c 8b 13 49 8b 


Stack slot to memory mapping:
stack at sp + 0 slots: 0x0000000081aa0000 is an oop: java.util.LinkedHashMap 
{0x0000000081aa0000} - klass: 'java/util/LinkedHashMap'
 - ---- fields (total size 7 words):
 - transient 'keySet' 'Ljava/util/Set;' @12  NULL (0)
 - transient 'values' 'Ljava/util/Collection;' @16  NULL (0)
 - transient 'size' 'I' @20  1
 - transient 'modCount' 'I' @24  1
 - 'threshold' 'I' @28  12 (c)
 - final 'loadFactor' 'F' @32  0.750000 (3f400000)
 - transient 'table' '[Ljava/util/HashMap$Node;' @36  a 'java/util/HashMap$Node'[16] {0x0000000081aa0038} (81aa0038)
 - transient 'entrySet' 'Ljava/util/Set;' @40  NULL (0)
 - final 'accessOrder' 'Z' @44  false
 - transient 'head' 'Ljava/util/LinkedHashMap$Entry;' @48  a 'java/util/LinkedHashMap$Entry'{0x0000000081aa0088} (81aa0088)
 - transient 'tail' 'Ljava/util/LinkedHashMap$Entry;' @52  a 'java/util/LinkedHashMap$Entry'{0x0000000081aa0088} (81aa0088)
stack at sp + 1 slots: 0x0000000000000001 is an unknown value
stack at sp + 2 slots: 0x0000000000000008 is an unknown value
stack at sp + 3 slots: 0x0000000000000001 is an unknown value
stack at sp + 4 slots: 0x00000166fd1e7500 points into unknown readable memory: 0xffffffffffffffff | ff ff ff ff ff ff ff ff
stack at sp + 5 slots: 0x0000000000000002 is an unknown value
stack at sp + 6 slots: 0x0000000000000080 is an unknown value
stack at sp + 7 slots: 0x0000005b1a8ff950 points into unknown readable memory: 0x00007fffd4d687c0 | c0 87 d6 d4 ff 7f 00 00


---------------  P R O C E S S  ---------------

Threads class SMR info:
_java_thread_list=0x000001669a991270, length=31, elements={
0x00000166fcd0ca30, 0x00000166fff00350, 0x00000166fff010d0, 0x0000016696c2d530,
0x0000016696c2f410, 0x0000016696c43510, 0x0000016696c439e0, 0x0000016696c47e80,
0x0000016696c50840, 0x0000016696c5b920, 0x0000016696c43eb0, 0x0000016696c40e90,
0x0000016696e6b1e0, 0x0000016696c41360, 0x0000016696c41830, 0x0000016696c421d0,
0x0000016696c41d00, 0x0000016696c426a0, 0x0000016696c42b70, 0x0000016696c43040,
0x000001669a3e8f10, 0x000001669a3e5080, 0x000001669a3e6d60, 0x000001669a3e5550,
0x000001669a3e4210, 0x000001669a3e5ef0, 0x000001669a3e2a00, 0x000001669a3e7bd0,
0x000001669a3e8570, 0x000001669a3e63c0, 0x000001669a3e93e0
}

Java Threads: ( => current thread )
  0x00000166fcd0ca30 JavaThread "main" [_thread_blocked, id=2248, stack(0x0000005b1a700000,0x0000005b1a800000)]
  0x00000166fff00350 JavaThread "Reference Handler" daemon [_thread_blocked, id=1148, stack(0x0000005b1ae00000,0x0000005b1af00000)]
  0x00000166fff010d0 JavaThread "Finalizer" daemon [_thread_blocked, id=2112, stack(0x0000005b1af00000,0x0000005b1b000000)]
  0x0000016696c2d530 JavaThread "Signal Dispatcher" daemon [_thread_blocked, id=6220, stack(0x0000005b1b000000,0x0000005b1b100000)]
  0x0000016696c2f410 JavaThread "Attach Listener" daemon [_thread_blocked, id=3540, stack(0x0000005b1b100000,0x0000005b1b200000)]
  0x0000016696c43510 JavaThread "Service Thread" daemon [_thread_blocked, id=9048, stack(0x0000005b1b200000,0x0000005b1b300000)]
  0x0000016696c439e0 JavaThread "Monitor Deflation Thread" daemon [_thread_blocked, id=7488, stack(0x0000005b1b300000,0x0000005b1b400000)]
  0x0000016696c47e80 JavaThread "C2 CompilerThread0" daemon [_thread_blocked, id=1048, stack(0x0000005b1b400000,0x0000005b1b500000)]
  0x0000016696c50840 JavaThread "C1 CompilerThread0" daemon [_thread_blocked, id=5788, stack(0x0000005b1b500000,0x0000005b1b600000)]
  0x0000016696c5b920 JavaThread "Sweeper thread" daemon [_thread_blocked, id=4148, stack(0x0000005b1b600000,0x0000005b1b700000)]
  0x0000016696c43eb0 JavaThread "Common-Cleaner" daemon [_thread_blocked, id=1268, stack(0x0000005b1b700000,0x0000005b1b800000)]
  0x0000016696c40e90 JavaThread "Notification Thread" daemon [_thread_blocked, id=8704, stack(0x0000005b1b800000,0x0000005b1b900000)]
  0x0000016696e6b1e0 JavaThread "C2 CompilerThread1" daemon [_thread_blocked, id=5096, stack(0x0000005b1ba00000,0x0000005b1bb00000)]
  0x0000016696c41360 JavaThread "Daemon health stats" [_thread_blocked, id=8728, stack(0x0000005b1be00000,0x0000005b1bf00000)]
  0x0000016696c41830 JavaThread "Incoming local TCP Connector on port 59274" [_thread_in_native, id=4048, stack(0x0000005b1bf00000,0x0000005b1c000000)]
  0x0000016696c421d0 JavaThread "Daemon periodic checks" [_thread_blocked, id=4560, stack(0x0000005b1c000000,0x0000005b1c100000)]
  0x0000016696c41d00 JavaThread "Daemon" [_thread_blocked, id=9164, stack(0x0000005b1c100000,0x0000005b1c200000)]
  0x0000016696c426a0 JavaThread "Handler for socket connection from /127.0.0.1:59274 to /127.0.0.1:59275" [_thread_in_native, id=5628, stack(0x0000005b1c200000,0x0000005b1c300000)]
  0x0000016696c42b70 JavaThread "Cancel handler" [_thread_blocked, id=1256, stack(0x0000005b1c300000,0x0000005b1c400000)]
  0x0000016696c43040 JavaThread "Daemon worker" [_thread_blocked, id=6112, stack(0x0000005b1c400000,0x0000005b1c500000)]
  0x000001669a3e8f10 JavaThread "Asynchronous log dispatcher for DefaultDaemonConnection: socket connection from /127.0.0.1:59274 to /127.0.0.1:59275" [_thread_blocked, id=3416, stack(0x0000005b1c500000,0x0000005b1c600000)]
  0x000001669a3e5080 JavaThread "Stdin handler" [_thread_blocked, id=9004, stack(0x0000005b1c600000,0x0000005b1c700000)]
  0x000001669a3e6d60 JavaThread "Daemon client event forwarder" [_thread_blocked, id=7696, stack(0x0000005b1c700000,0x0000005b1c800000)]
  0x000001669a3e5550 JavaThread "Cache worker for journal cache (C:\Users\Administrator\.gradle\caches\journal-1)" [_thread_blocked, id=828, stack(0x0000005b1c800000,0x0000005b1c900000)]
  0x000001669a3e4210 JavaThread "File lock request listener" [_thread_in_native, id=8404, stack(0x0000005b1c900000,0x0000005b1ca00000)]
  0x000001669a3e5ef0 JavaThread "Cache worker for file hash cache (C:\Users\Administrator\.gradle\caches\8.0\fileHashes)" [_thread_blocked, id=8944, stack(0x0000005b1ca00000,0x0000005b1cb00000)]
  0x000001669a3e2a00 JavaThread "File watcher server" daemon [_thread_in_native, id=8796, stack(0x0000005b1cb00000,0x0000005b1cc00000)]
  0x000001669a3e7bd0 JavaThread "File watcher consumer" daemon [_thread_blocked, id=8024, stack(0x0000005b1cc00000,0x0000005b1cd00000)]
  0x000001669a3e8570 JavaThread "Cache worker for checksums cache (F:\agil\mentorheal\mentorheal\.gradle\8.0\checksums)" [_thread_blocked, id=5692, stack(0x0000005b1cd00000,0x0000005b1ce00000)]
  0x000001669a3e63c0 JavaThread "Cache worker for cache directory md-rule (C:\Users\Administrator\.gradle\caches\8.0\md-rule)" [_thread_blocked, id=1828, stack(0x0000005b1ce00000,0x0000005b1cf00000)]
  0x000001669a3e93e0 JavaThread "Cache worker for file content cache (C:\Users\Administrator\.gradle\caches\8.0\fileContent)" [_thread_blocked, id=2196, stack(0x0000005b1cf00000,0x0000005b1d000000)]

Other Threads:
  0x00000166ffefd730 VMThread "VM Thread" [stack: 0x0000005b1ad00000,0x0000005b1ae00000] [id=5464]
  0x0000016696ce98e0 WatcherThread [stack: 0x0000005b1b900000,0x0000005b1ba00000] [id=5928]
=>0x00000166fcd68ff0 GCTaskThread "GC Thread#0" [stack: 0x0000005b1a800000,0x0000005b1a900000] [id=6500]
  0x00000166978a42e0 GCTaskThread "GC Thread#1" [stack: 0x0000005b1bb00000,0x0000005b1bc00000] [id=8432]
  0x00000166978a4590 GCTaskThread "GC Thread#2" [stack: 0x0000005b1bc00000,0x0000005b1bd00000] [id=3208]
  0x00000166978a4840 GCTaskThread "GC Thread#3" [stack: 0x0000005b1bd00000,0x0000005b1be00000] [id=3116]
  0x00000166fcd79e40 ConcurrentGCThread "G1 Main Marker" [stack: 0x0000005b1a900000,0x0000005b1aa00000] [id=8452]
  0x00000166fcd7af00 ConcurrentGCThread "G1 Conc#0" [stack: 0x0000005b1aa00000,0x0000005b1ab00000] [id=6504]
  0x00000166fcddeb60 ConcurrentGCThread "G1 Refine#0" [stack: 0x0000005b1ab00000,0x0000005b1ac00000] [id=8420]
  0x00000166ffd4b660 ConcurrentGCThread "G1 Service" [stack: 0x0000005b1ac00000,0x0000005b1ad00000] [id=6684]

Threads with active compile tasks:

VM state: at safepoint (normal execution)

VM Mutex/Monitor currently owned by a thread:  ([mutex/lock_event])
[0x00000166fcd080e0] Threads_lock - owner thread: 0x00000166ffefd730
[0x00000166fcd07750] Heap_lock - owner thread: 0x0000016696c43040

Heap address: 0x0000000080000000, size: 2048 MB, Compressed Oops mode: 32-bit

CDS archive(s) not mapped
Compressed class space mapped at: 0x0000000100000000-0x0000000140000000, reserved size: 1073741824
Narrow klass base: 0x0000000000000000, Narrow klass shift: 3, Narrow klass range: 0x140000000

GC Precious Log:
 CPUs: 4 total, 4 available
 Memory: 12235M
 Large Page Support: Disabled
 NUMA Support: Disabled
 Compressed Oops: Enabled (32-bit)
 Heap Region Size: 1M
 Heap Min Capacity: 8M
 Heap Initial Capacity: 192M
 Heap Max Capacity: 2G
 Pre-touch: Disabled
 Parallel Workers: 4
 Concurrent Workers: 1
 Concurrent Refinement Workers: 4
 Periodic GC: Disabled

Heap:
 garbage-first heap   total 68608K, used 47254K [0x0000000080000000, 0x0000000100000000)
  region size 1024K, 30 young (30720K), 4 survivors (4096K)
 Metaspace       used 30502K, committed 30784K, reserved 1081344K
  class space    used 4143K, committed 4288K, reserved 1048576K

Heap Regions: E=young(eden), S=young(survivor), O=old, HS=humongous(starts), HC=humongous(continues), CS=collection set, F=free, OA=open archive, CA=closed archive, TAMS=top-at-mark-start (previous, next)
|   0|0x0000000080000000, 0x0000000080100000, 0x0000000080100000|100%| O|  |TAMS 0x0000000080100000, 0x0000000080000000| Untracked 
|   1|0x0000000080100000, 0x0000000080200000, 0x0000000080200000|100%| O|  |TAMS 0x0000000080200000, 0x0000000080100000| Untracked 
|   2|0x0000000080200000, 0x0000000080300000, 0x0000000080300000|100%|HS|  |TAMS 0x0000000080300000, 0x0000000080200000| Complete 
|   3|0x0000000080300000, 0x0000000080400000, 0x0000000080400000|100%|HC|  |TAMS 0x0000000080400000, 0x0000000080300000| Complete 
|   4|0x0000000080400000, 0x0000000080500000, 0x0000000080500000|100%|HC|  |TAMS 0x0000000080500000, 0x0000000080400000| Complete 
|   5|0x0000000080500000, 0x0000000080600000, 0x0000000080600000|100%|HC|  |TAMS 0x0000000080600000, 0x0000000080500000| Complete 
|   6|0x0000000080600000, 0x0000000080700000, 0x0000000080700000|100%| O|  |TAMS 0x0000000080700000, 0x0000000080600000| Untracked 
|   7|0x0000000080700000, 0x0000000080800000, 0x0000000080800000|100%| O|  |TAMS 0x0000000080800000, 0x0000000080700000| Untracked 
|   8|0x0000000080800000, 0x0000000080900000, 0x0000000080900000|100%| O|  |TAMS 0x0000000080800000, 0x0000000080800000| Untracked 
|   9|0x0000000080900000, 0x0000000080a00000, 0x0000000080a00000|100%| O|  |TAMS 0x0000000080a00000, 0x0000000080900000| Untracked 
|  10|0x0000000080a00000, 0x0000000080b00000, 0x0000000080b00000|100%| O|  |TAMS 0x0000000080b00000, 0x0000000080a00000| Untracked 
|  11|0x0000000080b00000, 0x0000000080b71200, 0x0000000080c00000| 44%| O|  |TAMS 0x0000000080b71200, 0x0000000080b00000| Untracked 
|  12|0x0000000080c00000, 0x0000000080d00000, 0x0000000080d00000|100%| O|  |TAMS 0x0000000080c00000, 0x0000000080c00000| Untracked 
|  13|0x0000000080d00000, 0x0000000080e00000, 0x0000000080e00000|100%| O|  |TAMS 0x0000000080d00000, 0x0000000080d00000| Untracked 
|  14|0x0000000080e00000, 0x0000000080f00000, 0x0000000080f00000|100%| O|  |TAMS 0x0000000080e00000, 0x0000000080e00000| Untracked 
|  15|0x0000000080f00000, 0x0000000081000000, 0x0000000081000000|100%| O|  |TAMS 0x0000000080f00000, 0x0000000080f00000| Untracked 
|  16|0x0000000081000000, 0x0000000081100000, 0x0000000081100000|100%| O|  |TAMS 0x0000000081000000, 0x0000000081000000| Untracked 
|  17|0x0000000081100000, 0x0000000081200000, 0x0000000081200000|100%| O|  |TAMS 0x0000000081100000, 0x0000000081100000| Untracked 
|  18|0x0000000081200000, 0x0000000081286000, 0x0000000081300000| 52%| O|  |TAMS 0x0000000081200000, 0x0000000081200000| Untracked 
|  19|0x0000000081300000, 0x0000000081300000, 0x0000000081400000|  0%| F|  |TAMS 0x0000000081300000, 0x0000000081300000| Untracked 
|  20|0x0000000081400000, 0x0000000081400000, 0x0000000081500000|  0%| F|  |TAMS 0x0000000081400000, 0x0000000081400000| Untracked 
|  21|0x0000000081500000, 0x0000000081500000, 0x0000000081600000|  0%| F|  |TAMS 0x0000000081500000, 0x0000000081500000| Untracked 
|  22|0x0000000081600000, 0x0000000081600000, 0x0000000081700000|  0%| F|  |TAMS 0x0000000081600000, 0x0000000081600000| Untracked 
|  23|0x0000000081700000, 0x0000000081700000, 0x0000000081800000|  0%| F|  |TAMS 0x0000000081700000, 0x0000000081700000| Untracked 
|  24|0x0000000081800000, 0x000000008182e628, 0x0000000081900000| 18%| E|CS|TAMS 0x0000000081800000, 0x0000000081800000| Complete 
|  25|0x0000000081900000, 0x0000000081a00000, 0x0000000081a00000|100%| E|CS|TAMS 0x0000000081900000, 0x0000000081900000| Complete 
|  26|0x0000000081a00000, 0x0000000081b00000, 0x0000000081b00000|100%| E|CS|TAMS 0x0000000081a00000, 0x0000000081a00000| Complete 
|  27|0x0000000081b00000, 0x0000000081b00000, 0x0000000081c00000|  0%| F|  |TAMS 0x0000000081b00000, 0x0000000081b00000| Untracked 
|  28|0x0000000081c00000, 0x0000000081c00000, 0x0000000081d00000|  0%| F|  |TAMS 0x0000000081c00000, 0x0000000081c00000| Untracked 
|  29|0x0000000081d00000, 0x0000000081d00000, 0x0000000081e00000|  0%| F|  |TAMS 0x0000000081d00000, 0x0000000081d00000| Untracked 
|  30|0x0000000081e00000, 0x0000000081e00000, 0x0000000081f00000|  0%| F|  |TAMS 0x0000000081e00000, 0x0000000081e00000| Untracked 
|  31|0x0000000081f00000, 0x0000000081f00000, 0x0000000082000000|  0%| F|  |TAMS 0x0000000081f00000, 0x0000000081f00000| Untracked 
|  32|0x0000000082000000, 0x0000000082000000, 0x0000000082100000|  0%| F|  |TAMS 0x0000000082000000, 0x0000000082000000| Untracked 
|  33|0x0000000082100000, 0x0000000082100000, 0x0000000082200000|  0%| F|  |TAMS 0x0000000082100000, 0x0000000082100000| Untracked 
|  34|0x0000000082200000, 0x0000000082200000, 0x0000000082300000|  0%| F|  |TAMS 0x0000000082200000, 0x0000000082200000| Untracked 
|  35|0x0000000082300000, 0x0000000082300000, 0x0000000082400000|  0%| F|  |TAMS 0x0000000082300000, 0x0000000082300000| Untracked 
|  36|0x0000000082400000, 0x0000000082400000, 0x0000000082500000|  0%| F|  |TAMS 0x0000000082400000, 0x0000000082400000| Untracked 
|  37|0x0000000082500000, 0x000000008259e3c0, 0x0000000082600000| 61%| S|  |TAMS 0x0000000082500000, 0x0000000082500000| Complete 
|  38|0x0000000082600000, 0x0000000082700000, 0x0000000082700000|100%| S|  |TAMS 0x0000000082600000, 0x0000000082600000| Complete 
|  39|0x0000000082700000, 0x0000000082800000, 0x0000000082800000|100%| S|  |TAMS 0x0000000082700000, 0x0000000082700000| Complete 
|  40|0x0000000082800000, 0x0000000082900000, 0x0000000082900000|100%| S|  |TAMS 0x0000000082800000, 0x0000000082800000| Complete 
|  41|0x0000000082900000, 0x0000000082a00000, 0x0000000082a00000|100%| E|CS|TAMS 0x0000000082900000, 0x0000000082900000| Complete 
|  42|0x0000000082a00000, 0x0000000082b00000, 0x0000000082b00000|100%| E|CS|TAMS 0x0000000082a00000, 0x0000000082a00000| Complete 
|  43|0x0000000082b00000, 0x0000000082c00000, 0x0000000082c00000|100%| E|CS|TAMS 0x0000000082b00000, 0x0000000082b00000| Complete 
|  44|0x0000000082c00000, 0x0000000082d00000, 0x0000000082d00000|100%| E|CS|TAMS 0x0000000082c00000, 0x0000000082c00000| Complete 
|  45|0x0000000082d00000, 0x0000000082e00000, 0x0000000082e00000|100%| E|CS|TAMS 0x0000000082d00000, 0x0000000082d00000| Complete 
|  46|0x0000000082e00000, 0x0000000082f00000, 0x0000000082f00000|100%| E|CS|TAMS 0x0000000082e00000, 0x0000000082e00000| Complete 
|  47|0x0000000082f00000, 0x0000000083000000, 0x0000000083000000|100%| E|CS|TAMS 0x0000000082f00000, 0x0000000082f00000| Complete 
|  48|0x0000000083000000, 0x0000000083100000, 0x0000000083100000|100%| E|CS|TAMS 0x0000000083000000, 0x0000000083000000| Complete 
|  49|0x0000000083100000, 0x0000000083200000, 0x0000000083200000|100%| E|CS|TAMS 0x0000000083100000, 0x0000000083100000| Complete 
|  50|0x0000000083200000, 0x0000000083300000, 0x0000000083300000|100%| E|CS|TAMS 0x0000000083200000, 0x0000000083200000| Complete 
|  51|0x0000000083300000, 0x0000000083400000, 0x0000000083400000|100%| E|CS|TAMS 0x0000000083300000, 0x0000000083300000| Complete 
|  52|0x0000000083400000, 0x0000000083500000, 0x0000000083500000|100%| E|CS|TAMS 0x0000000083400000, 0x0000000083400000| Complete 
|  53|0x0000000083500000, 0x0000000083600000, 0x0000000083600000|100%| E|CS|TAMS 0x0000000083500000, 0x0000000083500000| Complete 
|  54|0x0000000083600000, 0x0000000083700000, 0x0000000083700000|100%| E|CS|TAMS 0x0000000083600000, 0x0000000083600000| Complete 
|  55|0x0000000083700000, 0x0000000083800000, 0x0000000083800000|100%| E|CS|TAMS 0x0000000083700000, 0x0000000083700000| Complete 
|  56|0x0000000083800000, 0x0000000083900000, 0x0000000083900000|100%| E|CS|TAMS 0x0000000083800000, 0x0000000083800000| Complete 
|  57|0x0000000083900000, 0x0000000083a00000, 0x0000000083a00000|100%| E|CS|TAMS 0x0000000083900000, 0x0000000083900000| Complete 
| 141|0x0000000088d00000, 0x0000000088e00000, 0x0000000088e00000|100%| E|CS|TAMS 0x0000000088d00000, 0x0000000088d00000| Complete 
| 142|0x0000000088e00000, 0x0000000088f00000, 0x0000000088f00000|100%| E|CS|TAMS 0x0000000088e00000, 0x0000000088e00000| Complete 
| 143|0x0000000088f00000, 0x0000000089000000, 0x0000000089000000|100%| E|CS|TAMS 0x0000000088f00000, 0x0000000088f00000| Complete 
| 144|0x0000000089000000, 0x0000000089100000, 0x0000000089100000|100%| E|CS|TAMS 0x0000000089000000, 0x0000000089000000| Complete 
| 145|0x0000000089100000, 0x0000000089200000, 0x0000000089200000|100%| E|CS|TAMS 0x0000000089100000, 0x0000000089100000| Complete 
| 146|0x0000000089200000, 0x0000000089300000, 0x0000000089300000|100%| E|CS|TAMS 0x0000000089200000, 0x0000000089200000| Complete 
| 147|0x0000000089300000, 0x0000000089400000, 0x0000000089400000|100%| E|CS|TAMS 0x0000000089300000, 0x0000000089300000| Complete 
| 148|0x0000000089400000, 0x0000000089500000, 0x0000000089500000|100%| E|CS|TAMS 0x0000000089400000, 0x0000000089400000| Complete 
| 191|0x000000008bf00000, 0x000000008c000000, 0x000000008c000000|100%| E|CS|TAMS 0x000000008bf00000, 0x000000008bf00000| Complete 

Card table byte_map: [0x00000166fd1e0000,0x00000166fd5e0000] _byte_map_base: 0x00000166fcde0000

Marking Bits (Prev, Next): (CMBitMap*) 0x00000166fcd69550, (CMBitMap*) 0x00000166fcd69510
 Prev Bits: [0x0000016692400000, 0x0000016694400000)
 Next Bits: [0x00000166fd9e0000, 0x00000166ff9e0000)

Polling page: 0x00000166fabd0000

Metaspace:

Usage:
  Non-class:     25.74 MB used.
      Class:      4.05 MB used.
       Both:     29.79 MB used.

Virtual space:
  Non-class space:       32.00 MB reserved,      25.88 MB ( 81%) committed,  4 nodes.
      Class space:        1.00 GB reserved,       4.19 MB ( <1%) committed,  1 nodes.
             Both:        1.03 GB reserved,      30.06 MB (  3%) committed. 

Chunk freelists:
   Non-Class:  1.66 MB
       Class:  3.66 MB
        Both:  5.31 MB

MaxMetaspaceSize: unlimited
CompressedClassSpaceSize: 1.00 GB
Initial GC threshold: 21.00 MB
Current GC threshold: 35.25 MB
CDS: off
MetaspaceReclaimPolicy: balanced
 - commit_granule_bytes: 65536.
 - commit_granule_words: 8192.
 - virtual_space_node_default_size: 1048576.
 - enlarge_chunks_in_place: 1.
 - new_chunks_are_fully_committed: 0.
 - uncommit_free_chunks: 1.
 - use_allocation_guard: 0.
 - handle_deallocations: 1.


Internal statistics:

num_allocs_failed_limit: 3.
num_arena_births: 234.
num_arena_deaths: 0.
num_vsnodes_births: 5.
num_vsnodes_deaths: 0.
num_space_committed: 481.
num_space_uncommitted: 0.
num_chunks_returned_to_freelist: 3.
num_chunks_taken_from_freelist: 1036.
num_chunk_merges: 3.
num_chunk_splits: 676.
num_chunks_enlarged: 494.
num_purges: 0.
num_inconsistent_stats: 0.

CodeHeap 'non-profiled nmethods': size=120000Kb used=1447Kb max_used=1447Kb free=118552Kb
 bounds [0x000001668aed0000, 0x000001668b140000, 0x0000016692400000]
CodeHeap 'profiled nmethods': size=120000Kb used=5556Kb max_used=5556Kb free=114444Kb
 bounds [0x0000016683400000, 0x0000016683970000, 0x000001668a930000]
CodeHeap 'non-nmethods': size=5760Kb used=1222Kb max_used=1275Kb free=4537Kb
 bounds [0x000001668a930000, 0x000001668aba0000, 0x000001668aed0000]
 total_blobs=3184 nmethods=2649 adapters=447
 compilation: enabled
              stopped_count=0, restarted_count=0
 full_count=0

Compilation events (20 events):
Event: 5.452 Thread 0x0000016696c50840 2644       3       org.objectweb.asm.AnnotationWriter::putAnnotations (67 bytes)
Event: 5.452 Thread 0x0000016696c50840 nmethod 2644 0x0000016683968710 code [0x0000016683968920, 0x0000016683968d58]
Event: 5.452 Thread 0x0000016696c50840 2642       3       org.objectweb.asm.Attribute::computeAttributesSize (62 bytes)
Event: 5.453 Thread 0x0000016696c50840 nmethod 2642 0x0000016683969010 code [0x00000166839691e0, 0x0000016683969508]
Event: 5.453 Thread 0x0000016696c50840 2643       3       org.objectweb.asm.AnnotationWriter::computeAnnotationsSize (66 bytes)
Event: 5.453 Thread 0x0000016696c50840 nmethod 2643 0x0000016683969690 code [0x0000016683969860, 0x0000016683969b98]
Event: 5.453 Thread 0x0000016696c50840 2641       1       org.gradle.internal.instantiation.generator.AsmBackedClassGenerator$ClassBuilderImpl::access$3200 (5 bytes)
Event: 5.453 Thread 0x0000016696c50840 nmethod 2641 0x000001668b039990 code [0x000001668b039b20, 0x000001668b039bd8]
Event: 5.460 Thread 0x0000016696c50840 2645       3       com.google.common.base.MoreObjects::firstNonNull (22 bytes)
Event: 5.460 Thread 0x0000016696c50840 nmethod 2645 0x0000016683969d90 code [0x0000016683969f40, 0x000001668396a1a8]
Event: 5.463 Thread 0x0000016696c50840 2646       3       java.util.stream.StreamOpFlag::isKnown (19 bytes)
Event: 5.463 Thread 0x0000016696c50840 nmethod 2646 0x000001668396a290 code [0x000001668396a420, 0x000001668396a598]
Event: 5.463 Thread 0x0000016696c50840 2647       1       java.lang.AbstractStringBuilder::length (5 bytes)
Event: 5.463 Thread 0x0000016696c50840 nmethod 2647 0x000001668b039c90 code [0x000001668b039e20, 0x000001668b039ef8]
Event: 5.464 Thread 0x0000016696c50840 2648       3       org.objectweb.asm.MethodWriter::computeAllFrames (510 bytes)
Event: 5.465 Thread 0x0000016696c50840 nmethod 2648 0x000001668396a610 code [0x000001668396a960, 0x000001668396bdc8]
Event: 5.465 Thread 0x0000016696c50840 2649       3       org.objectweb.asm.SymbolTable$Entry::<init> (20 bytes)
Event: 5.465 Thread 0x0000016696c50840 nmethod 2649 0x000001668396c890 code [0x000001668396ca20, 0x000001668396cb68]
Event: 5.465 Thread 0x0000016696c50840 2650       3       org.objectweb.asm.SymbolTable::getType (7 bytes)
Event: 5.466 Thread 0x0000016696c50840 nmethod 2650 0x000001668396cc90 code [0x000001668396ce20, 0x000001668396cf58]

GC Heap History (11 events):
Event: 0.722 GC heap before
{Heap before GC invocations=0 (full 0):
 garbage-first heap   total 196608K, used 13312K [0x0000000080000000, 0x0000000100000000)
  region size 1024K, 13 young (13312K), 0 survivors (0K)
 Metaspace       used 7067K, committed 7232K, reserved 1056768K
  class space    used 605K, committed 704K, reserved 1048576K
}
Event: 0.725 GC heap after
{Heap after GC invocations=1 (full 0):
 garbage-first heap   total 196608K, used 3436K [0x0000000080000000, 0x0000000100000000)
  region size 1024K, 2 young (2048K), 2 survivors (2048K)
 Metaspace       used 7067K, committed 7232K, reserved 1056768K
  class space    used 605K, committed 704K, reserved 1048576K
}
Event: 1.483 GC heap before
{Heap before GC invocations=1 (full 0):
 garbage-first heap   total 196608K, used 21868K [0x0000000080000000, 0x0000000100000000)
  region size 1024K, 17 young (17408K), 2 survivors (2048K)
 Metaspace       used 11083K, committed 11264K, reserved 1064960K
  class space    used 1160K, committed 1280K, reserved 1048576K
}
Event: 1.488 GC heap after
{Heap after GC invocations=2 (full 0):
 garbage-first heap   total 196608K, used 10647K [0x0000000080000000, 0x0000000100000000)
  region size 1024K, 3 young (3072K), 3 survivors (3072K)
 Metaspace       used 11083K, committed 11264K, reserved 1064960K
  class space    used 1160K, committed 1280K, reserved 1048576K
}
Event: 1.941 GC heap before
{Heap before GC invocations=2 (full 0):
 garbage-first heap   total 196608K, used 32151K [0x0000000080000000, 0x0000000100000000)
  region size 1024K, 24 young (24576K), 3 survivors (3072K)
 Metaspace       used 11175K, committed 11392K, reserved 1064960K
  class space    used 1161K, committed 1280K, reserved 1048576K
}
Event: 1.946 GC heap after
{Heap after GC invocations=3 (full 0):
 garbage-first heap   total 196608K, used 12607K [0x0000000080000000, 0x0000000100000000)
  region size 1024K, 2 young (2048K), 2 survivors (2048K)
 Metaspace       used 11175K, committed 11392K, reserved 1064960K
  class space    used 1161K, committed 1280K, reserved 1048576K
}
Event: 3.659 GC heap before
{Heap before GC invocations=3 (full 0):
 garbage-first heap   total 196608K, used 53567K [0x0000000080000000, 0x0000000100000000)
  region size 1024K, 43 young (44032K), 2 survivors (2048K)
 Metaspace       used 21261K, committed 21504K, reserved 1073152K
  class space    used 2582K, committed 2752K, reserved 1048576K
}
Event: 3.670 GC heap after
{Heap after GC invocations=4 (full 0):
 garbage-first heap   total 196608K, used 18801K [0x0000000080000000, 0x0000000100000000)
  region size 1024K, 8 young (8192K), 8 survivors (8192K)
 Metaspace       used 21261K, committed 21504K, reserved 1073152K
  class space    used 2582K, committed 2752K, reserved 1048576K
}
Event: 4.730 GC heap before
{Heap before GC invocations=5 (full 0):
 garbage-first heap   total 68608K, used 50545K [0x0000000080000000, 0x0000000100000000)
  region size 1024K, 40 young (40960K), 8 survivors (8192K)
 Metaspace       used 26347K, committed 26624K, reserved 1073152K
  class space    used 3467K, committed 3584K, reserved 1048576K
}
Event: 4.744 GC heap after
{Heap after GC invocations=6 (full 0):
 garbage-first heap   total 68608K, used 20630K [0x0000000080000000, 0x0000000100000000)
  region size 1024K, 3 young (3072K), 3 survivors (3072K)
 Metaspace       used 26347K, committed 26624K, reserved 1073152K
  class space    used 3467K, committed 3584K, reserved 1048576K
}
Event: 5.471 GC heap before
{Heap before GC invocations=6 (full 0):
 garbage-first heap   total 68608K, used 47254K [0x0000000080000000, 0x0000000100000000)
  region size 1024K, 29 young (29696K), 3 survivors (3072K)
 Metaspace       used 30502K, committed 30784K, reserved 1081344K
  class space    used 4143K, committed 4288K, reserved 1048576K
}

Dll operation events (2 events):
Event: 0.009 Loaded shared library C:\Program Files\Android\Android Studio1\jbr\bin\java.dll
Event: 0.684 Loaded shared library C:\Program Files\Android\Android Studio1\jbr\bin\verify.dll

Deoptimization events (20 events):
Event: 3.977 Thread 0x0000016696c43040 DEOPT PACKING pc=0x0000016683789ed4 sp=0x0000005b1c4fc8f0
Event: 3.977 Thread 0x0000016696c43040 DEOPT UNPACKING pc=0x000001668a987143 sp=0x0000005b1c4fbe48 mode 0
Event: 4.537 Thread 0x0000016696c43040 Uncommon trap: trap_request=0xffffff45 fr.pc=0x000001668afce39c relative=0x000000000000015c
Event: 4.537 Thread 0x0000016696c43040 Uncommon trap: reason=unstable_if action=reinterpret pc=0x000001668afce39c method=java.util.HashMap.getNode(Ljava/lang/Object;)Ljava/util/HashMap$Node; @ 131 c2
Event: 4.537 Thread 0x0000016696c43040 DEOPT PACKING pc=0x000001668afce39c sp=0x0000005b1c4fb090
Event: 4.537 Thread 0x0000016696c43040 DEOPT UNPACKING pc=0x000001668a9869a3 sp=0x0000005b1c4fafb0 mode 2
Event: 4.671 Thread 0x0000016696c43040 DEOPT PACKING pc=0x0000016683762f08 sp=0x0000005b1c4f9810
Event: 4.671 Thread 0x0000016696c43040 DEOPT UNPACKING pc=0x000001668a987143 sp=0x0000005b1c4f8d18 mode 0
Event: 4.722 Thread 0x0000016696c43040 Uncommon trap: trap_request=0xffffff45 fr.pc=0x000001668aefc4f4 relative=0x00000000000000d4
Event: 4.722 Thread 0x0000016696c43040 Uncommon trap: reason=unstable_if action=reinterpret pc=0x000001668aefc4f4 method=java.util.HashMap.hash(Ljava/lang/Object;)I @ 1 c2
Event: 4.722 Thread 0x0000016696c43040 DEOPT PACKING pc=0x000001668aefc4f4 sp=0x0000005b1c4f9fc0
Event: 4.722 Thread 0x0000016696c43040 DEOPT UNPACKING pc=0x000001668a9869a3 sp=0x0000005b1c4f9f00 mode 2
Event: 5.011 Thread 0x0000016696c43040 Uncommon trap: trap_request=0xffffff76 fr.pc=0x000001668b00f500 relative=0x0000000000000160
Event: 5.011 Thread 0x0000016696c43040 Uncommon trap: reason=predicate action=maybe_recompile pc=0x000001668b00f500 method=com.google.common.base.CharMatcher.indexIn(Ljava/lang/CharSequence;I)I @ 19 c2
Event: 5.011 Thread 0x0000016696c43040 DEOPT PACKING pc=0x000001668b00f500 sp=0x0000005b1c4fb9b0
Event: 5.011 Thread 0x0000016696c43040 DEOPT UNPACKING pc=0x000001668a9869a3 sp=0x0000005b1c4fb940 mode 2
Event: 5.424 Thread 0x0000016696c43040 Uncommon trap: trap_request=0xffffff45 fr.pc=0x000001668af2243c relative=0x000000000000057c
Event: 5.424 Thread 0x0000016696c43040 Uncommon trap: reason=unstable_if action=reinterpret pc=0x000001668af2243c method=java.util.HashMap.hash(Ljava/lang/Object;)I @ 1 c2
Event: 5.424 Thread 0x0000016696c43040 DEOPT PACKING pc=0x000001668af2243c sp=0x0000005b1c4f7ec0
Event: 5.424 Thread 0x0000016696c43040 DEOPT UNPACKING pc=0x000001668a9869a3 sp=0x0000005b1c4f7d68 mode 2

Classes unloaded (0 events):
No events

Classes redefined (0 events):
No events

Internal exceptions (20 events):
Event: 3.787 Thread 0x0000016696c43040 Exception <a 'java/lang/NoSuchMethodError'{0x0000000083606f58}: 'java.lang.Object java.lang.invoke.Invokers$Holder.linkToTargetMethod(java.lang.Object, java.lang.Object, int, java.lang.Object)'> (0x0000000083606f58) 
thrown [s\src\hotspot\share\interpreter\linkResolver.cpp, line 771]
Event: 4.182 Thread 0x0000016696c43040 Exception <a 'java/lang/NoSuchMethodError'{0x0000000082baa2e0}: 'int java.lang.invoke.DirectMethodHandle$Holder.invokeSpecialIFC(java.lang.Object, java.lang.Object, java.lang.Object, java.lang.Object)'> (0x0000000082baa2e0) 
thrown [s\src\hotspot\share\interpreter\linkResolver.cpp, line 771]
Event: 4.185 Thread 0x0000016696c43040 Exception <a 'java/lang/NoSuchMethodError'{0x0000000082bb9588}: 'java.lang.Object java.lang.invoke.DirectMethodHandle$Holder.invokeInterface(java.lang.Object, java.lang.Object, java.lang.Object)'> (0x0000000082bb9588) 
thrown [s\src\hotspot\share\interpreter\linkResolver.cpp, line 771]
Event: 4.185 Thread 0x0000016696c43040 Exception <a 'java/lang/IncompatibleClassChangeError'{0x0000000082bbd1a0}: Found class java.lang.Object, but interface was expected> (0x0000000082bbd1a0) 
thrown [s\src\hotspot\share\interpreter\linkResolver.cpp, line 838]
Event: 4.218 Thread 0x0000016696c43040 Exception <a 'java/lang/NoSuchMethodError'{0x0000000082a94ff8}: 'int java.lang.invoke.DirectMethodHandle$Holder.invokeStatic(java.lang.Object, java.lang.Object, java.lang.Object, java.lang.Object)'> (0x0000000082a94ff8) 
thrown [s\src\hotspot\share\interpreter\linkResolver.cpp, line 771]
Event: 4.218 Thread 0x0000016696c43040 Exception <a 'java/lang/NoSuchMethodError'{0x0000000082a98c20}: 'java.lang.Object java.lang.invoke.Invokers$Holder.invokeExact_MT(java.lang.Object, java.lang.Object, java.lang.Object, java.lang.Object, java.lang.Object, java.lang.Object)'> (0x0000000082a98c20) 
thrown [s\src\hotspot\share\interpreter\linkResolver.cpp, line 771]
Event: 4.477 Thread 0x0000016696c43040 Exception <a 'java/lang/NoSuchMethodError'{0x00000000822c6e98}: 'void java.lang.invoke.DirectMethodHandle$Holder.invokeStatic(java.lang.Object, java.lang.Object)'> (0x00000000822c6e98) 
thrown [s\src\hotspot\share\interpreter\linkResolver.cpp, line 771]
Event: 4.490 Thread 0x0000016696c43040 Exception <a 'java/lang/NoSuchMethodError'{0x0000000082127460}: 'java.lang.Object java.lang.invoke.DirectMethodHandle$Holder.invokeVirtual(java.lang.Object, java.lang.Object, java.lang.Object, java.lang.Object)'> (0x0000000082127460) 
thrown [s\src\hotspot\share\interpreter\linkResolver.cpp, line 771]
Event: 4.567 Thread 0x0000016696c43040 Exception <a 'java/lang/NoSuchMethodError'{0x0000000081f01838}: 'java.lang.Object java.lang.invoke.DirectMethodHandle$Holder.newInvokeSpecial(java.lang.Object, java.lang.Object, java.lang.Object, java.lang.Object, java.lang.Object, java.lang.Object, java.lang.Object)'> (0x0000000081f01838) 
thrown [s\src\hotspot\share\interpreter\linkResolver.cpp, line 771]
Event: 4.568 Thread 0x0000016696c43040 Exception <a 'java/lang/NoSuchMethodError'{0x0000000081f06508}: 'java.lang.Object java.lang.invoke.Invokers$Holder.linkToTargetMethod(java.lang.Object, java.lang.Object, java.lang.Object, java.lang.Object, java.lang.Object, java.lang.Object, java.lang.Object)'> (0x0000000081f06508) 
thrown [s\src\hotspot\share\interpreter\linkResolver.cpp, line 771]
Event: 4.614 Thread 0x0000016696c43040 Exception <a 'java/lang/NoSuchMethodError'{0x0000000081e59360}: 'java.lang.Object java.lang.invoke.DirectMethodHandle$Holder.invokeVirtual(java.lang.Object, java.lang.Object, java.lang.Object, java.lang.Object, java.lang.Object, java.lang.Object, java.lang.Object, java.lang.Object, java.lang.Object, java.lang.Object, java.lang.Object, java.lang.Object, java.lang.Object, java.lang.Object, java.lang.Object, java.lang.Object, java.lang.Object, java.lang.Object, java.lang.Object, java.lang.Object, java.lang.Ob
Event: 4.722 Thread 0x0000016696c43040 Implicit null exception at 0x000001668aefc458 to 0x000001668aefc4ea
Event: 4.908 Thread 0x0000016696c43040 Exception <a 'java/lang/NoSuchMethodError'{0x00000000891bc2a8}: 'void java.lang.invoke.DirectMethodHandle$Holder.invokeStaticInit(java.lang.Object, java.lang.Object)'> (0x00000000891bc2a8) 
thrown [s\src\hotspot\share\interpreter\linkResolver.cpp, line 771]
Event: 4.947 Thread 0x0000016696c43040 Exception <a 'java/lang/NoSuchMethodError'{0x00000000890e22b8}: 'java.lang.Object java.lang.invoke.DirectMethodHandle$Holder.invokeStaticInit(java.lang.Object, java.lang.Object, java.lang.Object)'> (0x00000000890e22b8) 
thrown [s\src\hotspot\share\interpreter\linkResolver.cpp, line 771]
Event: 4.949 Thread 0x0000016696c43040 Exception <a 'java/lang/NoSuchMethodError'{0x00000000890ec3a8}: 'void java.lang.invoke.DirectMethodHandle$Holder.invokeStatic(java.lang.Object, java.lang.Object, java.lang.Object, java.lang.Object, java.lang.Object, java.lang.Object)'> (0x00000000890ec3a8) 
thrown [s\src\hotspot\share\interpreter\linkResolver.cpp, line 771]
Event: 5.046 Thread 0x0000016696c43040 Exception <a 'java/lang/NoSuchMethodError'{0x000000008398fd40}: 'void java.lang.invoke.DirectMethodHandle$Holder.invokeStatic(java.lang.Object, java.lang.Object, java.lang.Object, java.lang.Object)'> (0x000000008398fd40) 
thrown [s\src\hotspot\share\interpreter\linkResolver.cpp, line 771]
Event: 5.049 Thread 0x0000016696c43040 Exception <a 'java/lang/NoSuchMethodError'{0x00000000839a31e8}: 'int java.lang.invoke.DirectMethodHandle$Holder.invokeVirtual(java.lang.Object, java.lang.Object)'> (0x00000000839a31e8) 
thrown [s\src\hotspot\share\interpreter\linkResolver.cpp, line 771]
Event: 5.056 Thread 0x0000016696c43040 Exception <a 'java/lang/NoSuchMethodError'{0x00000000839ee520}: 'int java.lang.invoke.DirectMethodHandle$Holder.invokeVirtual(java.lang.Object, java.lang.Object, java.lang.Object)'> (0x00000000839ee520) 
thrown [s\src\hotspot\share\interpreter\linkResolver.cpp, line 771]
Event: 5.285 Thread 0x0000016696c43040 Exception <a 'java/lang/NoSuchMethodError'{0x0000000082f33d00}: 'java.lang.Object java.lang.invoke.DirectMethodHandle$Holder.invokeSpecialIFC(java.lang.Object, java.lang.Object, java.lang.Object, java.lang.Object)'> (0x0000000082f33d00) 
thrown [s\src\hotspot\share\interpreter\linkResolver.cpp, line 771]
Event: 5.424 Thread 0x0000016696c43040 Implicit null exception at 0x000001668af21f0c to 0x000001668af2241c

VM Operations (20 events):
Event: 3.091 Executing VM operation: HandshakeAllThreads done
Event: 3.091 Executing VM operation: Cleanup
Event: 3.091 Executing VM operation: Cleanup done
Event: 3.191 Executing VM operation: HandshakeAllThreads
Event: 3.191 Executing VM operation: HandshakeAllThreads done
Event: 3.659 Executing VM operation: CollectForMetadataAllocation
Event: 3.670 Executing VM operation: CollectForMetadataAllocation done
Event: 3.685 Executing VM operation: G1Concurrent
Event: 3.687 Executing VM operation: G1Concurrent done
Event: 3.691 Executing VM operation: G1Concurrent
Event: 3.695 Executing VM operation: G1Concurrent done
Event: 3.934 Executing VM operation: HandshakeAllThreads
Event: 3.934 Executing VM operation: HandshakeAllThreads done
Event: 3.935 Executing VM operation: HandshakeAllThreads
Event: 3.935 Executing VM operation: HandshakeAllThreads done
Event: 4.730 Executing VM operation: G1CollectForAllocation
Event: 4.744 Executing VM operation: G1CollectForAllocation done
Event: 5.428 Executing VM operation: HandshakeAllThreads
Event: 5.428 Executing VM operation: HandshakeAllThreads done
Event: 5.471 Executing VM operation: G1CollectForAllocation

Events (20 events):
Event: 5.045 loading class java/io/InterruptedIOException
Event: 5.045 loading class java/io/InterruptedIOException done
Event: 5.048 Thread 0x000001669a3e7bd0 Thread added: 0x000001669a3e7bd0
Event: 5.054 loading class java/util/ArrayDeque$DeqSpliterator
Event: 5.055 loading class java/util/ArrayDeque$DeqSpliterator done
Event: 5.269 Thread 0x000001669a3e8570 Thread added: 0x000001669a3e8570
Event: 5.313 Thread 0x000001669a3e63c0 Thread added: 0x000001669a3e63c0
Event: 5.352 Thread 0x000001669a3e93e0 Thread added: 0x000001669a3e93e0
Event: 5.423 loading class sun/reflect/misc/ReflectUtil
Event: 5.424 loading class sun/reflect/misc/ReflectUtil done
Event: 5.430 loading class java/lang/Class$EnclosingMethodInfo
Event: 5.430 loading class java/lang/Class$EnclosingMethodInfo done
Event: 5.433 loading class sun/reflect/generics/tree/IntSignature
Event: 5.433 loading class sun/reflect/generics/tree/IntSignature done
Event: 5.433 loading class sun/reflect/generics/tree/ArrayTypeSignature
Event: 5.433 loading class sun/reflect/generics/tree/ArrayTypeSignature done
Event: 5.444 loading class java/lang/SafeVarargs
Event: 5.444 loading class java/lang/SafeVarargs done
Event: 5.453 loading class java/util/regex/Pattern$GroupCurly
Event: 5.453 loading class java/util/regex/Pattern$GroupCurly done


Dynamic libraries:
0x00007ff66a7f0000 - 0x00007ff66a7fa000 	C:\Program Files\Android\Android Studio1\jbr\bin\java.exe
0x00007ff814310000 - 0x00007ff814508000 	C:\Windows\SYSTEM32\ntdll.dll
0x00007ff813250000 - 0x00007ff81330d000 	C:\Windows\System32\KERNEL32.DLL
0x00007ff811cf0000 - 0x00007ff811fe6000 	C:\Windows\System32\KERNELBASE.dll
0x00007ff812170000 - 0x00007ff812270000 	C:\Windows\System32\ucrtbase.dll
0x00007fffeadc0000 - 0x00007fffeadd7000 	C:\Program Files\Android\Android Studio1\jbr\bin\jli.dll
0x00007ff8027a0000 - 0x00007ff8027bb000 	C:\Program Files\Android\Android Studio1\jbr\bin\VCRUNTIME140.dll
0x00007ff812ff0000 - 0x00007ff81318e000 	C:\Windows\System32\USER32.dll
0x00007ff811ff0000 - 0x00007ff812012000 	C:\Windows\System32\win32u.dll
0x00007ff802420000 - 0x00007ff8026ba000 	C:\Windows\WinSxS\amd64_microsoft.windows.common-controls_6595b64144ccf1df_6.0.19041.3636_none_60b6a03d71f818d5\COMCTL32.dll
0x00007ff813310000 - 0x00007ff81333c000 	C:\Windows\System32\GDI32.dll
0x00007ff8127c0000 - 0x00007ff81285e000 	C:\Windows\System32\msvcrt.dll
0x00007ff812050000 - 0x00007ff81216a000 	C:\Windows\System32\gdi32full.dll
0x00007ff8119f0000 - 0x00007ff811a8d000 	C:\Windows\System32\msvcp_win.dll
0x00007ff813340000 - 0x00007ff813370000 	C:\Windows\System32\IMM32.DLL
0x00007ff809db0000 - 0x00007ff809dbc000 	C:\Program Files\Android\Android Studio1\jbr\bin\vcruntime140_1.dll
0x00007ffffaf40000 - 0x00007ffffafcd000 	C:\Program Files\Android\Android Studio1\jbr\bin\msvcp140.dll
0x00007fffd4400000 - 0x00007fffd506e000 	C:\Program Files\Android\Android Studio1\jbr\bin\server\jvm.dll
0x00007ff812410000 - 0x00007ff8124bf000 	C:\Windows\System32\ADVAPI32.dll
0x00007ff813370000 - 0x00007ff81340c000 	C:\Windows\System32\sechost.dll
0x00007ff813410000 - 0x00007ff813536000 	C:\Windows\System32\RPCRT4.dll
0x00007ff801390000 - 0x00007ff801399000 	C:\Windows\SYSTEM32\WSOCK32.dll
0x00007ff80a440000 - 0x00007ff80a467000 	C:\Windows\SYSTEM32\WINMM.dll
0x00007ff80a4b0000 - 0x00007ff80a4ba000 	C:\Windows\SYSTEM32\VERSION.dll
0x00007ff8125a0000 - 0x00007ff81260b000 	C:\Windows\System32\WS2_32.dll
0x00007ff80f870000 - 0x00007ff80f882000 	C:\Windows\SYSTEM32\kernel.appcore.dll
0x00007ffffef70000 - 0x00007ffffef7a000 	C:\Program Files\Android\Android Studio1\jbr\bin\jimage.dll
0x00007ffff9a50000 - 0x00007ffff9c34000 	C:\Windows\SYSTEM32\DBGHELP.DLL
0x00007ffff99e0000 - 0x00007ffff9a14000 	C:\Windows\SYSTEM32\dbgcore.DLL
0x00007ff812270000 - 0x00007ff8122f2000 	C:\Windows\System32\bcryptPrimitives.dll
0x00007fffebd90000 - 0x00007fffebdb5000 	C:\Program Files\Android\Android Studio1\jbr\bin\java.dll
0x00007fffeb0d0000 - 0x00007fffeb0e8000 	C:\Program Files\Android\Android Studio1\jbr\bin\zip.dll
0x00007ff8139b0000 - 0x00007ff8140f4000 	C:\Windows\System32\SHELL32.dll
0x00007ff80fa70000 - 0x00007ff81020b000 	C:\Windows\SYSTEM32\windows.storage.dll
0x00007ff812870000 - 0x00007ff812bc4000 	C:\Windows\System32\combase.dll
0x00007ff811350000 - 0x00007ff81137d000 	C:\Windows\SYSTEM32\Wldp.dll
0x00007ff814220000 - 0x00007ff8142cd000 	C:\Windows\System32\SHCORE.dll
0x00007ff812d80000 - 0x00007ff812dd5000 	C:\Windows\System32\shlwapi.dll
0x00007ff811920000 - 0x00007ff811945000 	C:\Windows\SYSTEM32\profapi.dll
0x00007fffeae00000 - 0x00007fffeae19000 	C:\Program Files\Android\Android Studio1\jbr\bin\net.dll
0x00007ff806360000 - 0x00007ff80646a000 	C:\Windows\SYSTEM32\WINHTTP.dll
0x00007ff811130000 - 0x00007ff81119a000 	C:\Windows\system32\mswsock.dll
0x00007fffeade0000 - 0x00007fffeadf6000 	C:\Program Files\Android\Android Studio1\jbr\bin\nio.dll
0x00007ffffe3b0000 - 0x00007ffffe3c0000 	C:\Program Files\Android\Android Studio1\jbr\bin\verify.dll
0x00007ffffafd0000 - 0x00007ffffaff7000 	C:\Users\Administrator\.gradle\native\68d5fa5c4cc2d200863cafc0d521ce42e7d3e7ee720ec0a83991735586a16f82\windows-amd64\native-platform.dll
0x00007fffed140000 - 0x00007fffed284000 	C:\Users\Administrator\.gradle\native\e376f236ea51e6404a007f0833ffe2c6e607c4080706a723a18a27aeea778392\windows-amd64\native-platform-file-events.dll
0x00007ffffd840000 - 0x00007ffffd849000 	C:\Program Files\Android\Android Studio1\jbr\bin\management.dll
0x00007ffffa670000 - 0x00007ffffa67b000 	C:\Program Files\Android\Android Studio1\jbr\bin\management_ext.dll
0x00007ff812860000 - 0x00007ff812868000 	C:\Windows\System32\PSAPI.DLL
0x00007ff811690000 - 0x00007ff8116a8000 	C:\Windows\SYSTEM32\CRYPTSP.dll
0x00007ff810a10000 - 0x00007ff810a44000 	C:\Windows\system32\rsaenh.dll
0x00007ff812020000 - 0x00007ff812047000 	C:\Windows\System32\bcrypt.dll
0x00007ff8118a0000 - 0x00007ff8118ce000 	C:\Windows\SYSTEM32\USERENV.dll
0x00007ff8112c0000 - 0x00007ff8112cc000 	C:\Windows\SYSTEM32\CRYPTBASE.dll
0x00007ff810df0000 - 0x00007ff810e2b000 	C:\Windows\SYSTEM32\IPHLPAPI.DLL
0x00007ff813190000 - 0x00007ff813198000 	C:\Windows\System32\NSI.dll
0x00007ff806d90000 - 0x00007ff806da7000 	C:\Windows\SYSTEM32\dhcpcsvc6.DLL
0x00007ff806f40000 - 0x00007ff806f5d000 	C:\Windows\SYSTEM32\dhcpcsvc.DLL
0x00007ff810e40000 - 0x00007ff810f0a000 	C:\Windows\SYSTEM32\DNSAPI.dll
0x00007ffffa390000 - 0x00007ffffa397000 	C:\Windows\system32\wshunix.dll

dbghelp: loaded successfully - version: 4.0.5 - missing functions: none
symbol engine: initialized successfully - sym options: 0x614 - pdb path: .;C:\Program Files\Android\Android Studio1\jbr\bin;C:\Windows\SYSTEM32;C:\Windows\WinSxS\amd64_microsoft.windows.common-controls_6595b64144ccf1df_6.0.19041.3636_none_60b6a03d71f818d5;C:\Program Files\Android\Android Studio1\jbr\bin\server;C:\Users\Administrator\.gradle\native\68d5fa5c4cc2d200863cafc0d521ce42e7d3e7ee720ec0a83991735586a16f82\windows-amd64;C:\Users\Administrator\.gradle\native\e376f236ea51e6404a007f0833ffe2c6e607c4080706a723a18a27aeea778392\windows-amd64

VM Arguments:
jvm_args: --add-opens=java.base/java.util=ALL-UNNAMED --add-opens=java.base/java.lang=ALL-UNNAMED --add-opens=java.base/java.lang.invoke=ALL-UNNAMED --add-opens=java.prefs/java.util.prefs=ALL-UNNAMED --add-opens=java.base/java.nio.charset=ALL-UNNAMED --add-opens=java.base/java.net=ALL-UNNAMED --add-opens=java.base/java.util.concurrent.atomic=ALL-UNNAMED -Xmx2048m -Dfile.encoding=UTF-8 -Duser.country=US -Duser.language=en -Duser.variant 
java_command: org.gradle.launcher.daemon.bootstrap.GradleDaemon 8.0
java_class_path (initial): C:\Users\Administrator\.gradle\wrapper\dists\gradle-8.0-bin\ca5e32bp14vu59qr306oxotwh\gradle-8.0\lib\gradle-launcher-8.0.jar
Launcher Type: SUN_STANDARD

[Global flags]
     intx CICompilerCount                          = 3                                         {product} {ergonomic}
     uint ConcGCThreads                            = 1                                         {product} {ergonomic}
     uint G1ConcRefinementThreads                  = 4                                         {product} {ergonomic}
   size_t G1HeapRegionSize                         = 1048576                                   {product} {ergonomic}
    uintx GCDrainStackTargetSize                   = 64                                        {product} {ergonomic}
   size_t InitialHeapSize                          = 201326592                                 {product} {ergonomic}
   size_t MarkStackSize                            = 4194304                                   {product} {ergonomic}
   size_t MaxHeapSize                              = 2147483648                                {product} {command line}
   size_t MaxNewSize                               = 1287651328                                {product} {ergonomic}
   size_t MinHeapDeltaBytes                        = 1048576                                   {product} {ergonomic}
   size_t MinHeapSize                              = 8388608                                   {product} {ergonomic}
    uintx NonNMethodCodeHeapSize                   = 5832780                                {pd product} {ergonomic}
    uintx NonProfiledCodeHeapSize                  = 122912730                              {pd product} {ergonomic}
    uintx ProfiledCodeHeapSize                     = 122912730                              {pd product} {ergonomic}
    uintx ReservedCodeCacheSize                    = 251658240                              {pd product} {ergonomic}
     bool SegmentedCodeCache                       = true                                      {product} {ergonomic}
   size_t SoftMaxHeapSize                          = 2147483648                             {manageable} {ergonomic}
     bool UseCompressedClassPointers               = true                           {product lp64_product} {ergonomic}
     bool UseCompressedOops                        = true                           {product lp64_product} {ergonomic}
     bool UseG1GC                                  = true                                      {product} {ergonomic}
     bool UseLargePagesIndividualAllocation        = false                                  {pd product} {ergonomic}

Logging:
Log output configuration:
 #0: stdout all=warning uptime,level,tags
 #1: stderr all=off uptime,level,tags

Environment Variables:
PATH=C:\Program Files\Common Files\Oracle\Java\javapath;C:\Windows\system32;C:\Windows;C:\Windows\System32\Wbem;C:\Windows\System32\WindowsPowerShell\v1.0\;C:\Windows\System32\OpenSSH\;C:\Program Files (x86)\ATI Technologies\ATI.ACE\Core-Static;C:\Program Files (x86)\IBM\SPSS\Statistics\25\JRE\bin;C:\Program Files\Git\cmd;C:\src\flutter\bin;C:\Program Files\Microsoft SQL Server\150\Tools\Binn\;C:\Program Files\dotnet\;C:\Users\Administrator\AppData\Local\Pub\Cache\bin;E:\xampp\php;C:\ProgramData\ComposerSetup\bin;C:\Program Files\Filestar;C:\ProgramData\Filestar\aliases;E:\kotlin\kotlin\js\npm\templates\kotlin-compiler\bin;E:\kotlin\kotlinc\bin;C:\Program Files\gradle-8.3-rc-4-all\gradle-8.3-rc-4\bin;F:\Hugo\hugo_extended_0.119.0_windows-amd64;C:\Program Files\Docker\Docker\resources\bin;C:\Users\Administrator\AppData\Roaming\nvm;C:\Program Files\nodejs;C:\ProgramData\chocolatey\bin;C:\Windows\system32;C:\Windows;C:\Windows\System32\Wbem;C:\Windows\System32\WindowsPowerShell\v1.0\;C:\Windows\System32\OpenSSH\;C:\Program Files (x86)\ATI Technologies\ATI.ACE\Core-Static;C:\Program Files (x86)\IBM\SPSS\Statistics\25\JRE\bin;C:\Program Files\Git\cmd;C:\src\flutter\bin;C:\Program Files\Microsoft SQL Server\150\Tools\Binn\;C:\Program Files\dotnet\;C:\Users\Administrator\AppData\Local\Pub\Cache\bin;E:\xampp\php;C:\ProgramData\ComposerSetup\bin;C:\Users\Administrator\AppData\Local\Microsoft\WindowsApps;C:\Users\Administrator\AppData\Local\Programs\Microsoft VS Code\bin;C:\Users\Administrator\AppData\Roaming\npm;C:\Users\Administrator\.dotnet\tools;C:\Users\Administrator\AppData\Roaming\Composer\vendor\bin;C:\Users\Administrator\AppData\Roaming\nvm;C:\Program Files\nodejs
USERNAME=Administrator
OS=Windows_NT
PROCESSOR_IDENTIFIER=Intel64 Family 6 Model 42 Stepping 7, GenuineIntel
TMP=C:\Users\ADMINI~1\AppData\Local\Temp
TEMP=C:\Users\ADMINI~1\AppData\Local\Temp


JNI global refs:
JNI global refs: 22, weak refs: 0

JNI global refs memory usage: 843, weak refs: 841


---------------  S Y S T E M  ---------------

OS:
 Windows 10 , 64 bit Build 19041 (10.0.19041.3636)
OS uptime: 0 days 4:19 hours
Hyper-V role detected

CPU: total 4 (initial active 4) (2 cores per cpu, 2 threads per core) family 6 model 42 stepping 7 microcode 0x2f, cx8, cmov, fxsr, ht, mmx, sse, sse2, sse3, ssse3, sse4.1, sse4.2, popcnt, tsc, tscinvbit, avx, aes, clmul, vzeroupper, clflush, hv

Memory: 4k page, system-wide physical 12235M (3412M free)
TotalPageFile size 14091M (AvailPageFile size 5264M)
current process WorkingSet (physical memory assigned to process): 161M, peak: 187M
current process commit charge ("private bytes"): 199M, peak: 327M

vm_info: OpenJDK 64-Bit Server VM (17.0.6+0-b2043.56-10027231) for windows-amd64 JRE (17.0.6+0-b2043.56-10027231), built on Apr 28 2023 00:43:19 by "androidbuild" with MS VC++ 16.10 / 16.11 (VS2019)

END.
